<?xml version="1.0" encoding="UTF-8"?>
<!-- Generated by org.testng.reporters.JUnitReportReporter -->
<testsuite hostname="DESKTOP-I4B1JCG" failures="0" tests="2" name="com.db.TestLayerAssginment.AmzonFilkarttestclass" time="119.236" errors="0" timestamp="2022-12-17T23:46:03 IST" skipped="0">
  <testcase classname="com.db.TestLayerAssginment.AmzonFilkarttestclass" name="Flipkartpricecompare" time="89.402"/>
  <system-out/>
  <testcase classname="com.db.TestLayerAssginment.AmzonFilkarttestclass" name="AmzonPriceCompare" time="29.834"/>
  <system-out/>
</testsuite> <!-- com.db.TestLayerAssginment.AmzonFilkarttestclass -->
